<?xml version="1.0" encoding="UTF-8"?>
<!-- Generated by org.testng.reporters.JUnitReportReporter -->
<testsuite hostname="LAPTOP-QM7363LB" failures="0" tests="2" name="CucumberOptions.TestNGTestRunner" time="36.022" errors="0" timestamp="2024-04-21T15:44:34 IST" skipped="0">
  <testcase classname="CucumberOptions.TestNGTestRunner" name="runScenario" time="18.185"/>
  <testcase classname="CucumberOptions.TestNGTestRunner" name="runScenario" time="17.837"/>
</testsuite> <!-- CucumberOptions.TestNGTestRunner -->
