<?xml version="1.0" encoding="UTF-8"?>
<!-- Generated by org.testng.reporters.JUnitReportReporter -->
<testsuite hostname="LAPTOP-QM7363LB" failures="0" tests="1" name="CucumberOptions.TestNGTestRunner" time="10.694" errors="0" timestamp="2024-04-13T23:08:38 IST" skipped="0">
  <testcase classname="CucumberOptions.TestNGTestRunner" name="runScenario" time="10.694"/>
</testsuite> <!-- CucumberOptions.TestNGTestRunner -->
