<?xml version="1.0" encoding="UTF-8"?>
<!-- Generated by org.testng.reporters.JUnitReportReporter -->
<testsuite hostname="LAPTOP-RM9JEGUU" failures="0" tests="1" name="CucumberOptions.TestNGTestRunner" time="16.853" errors="0" timestamp="2024-04-14T04:05:10 IST" skipped="0">
  <testcase classname="CucumberOptions.TestNGTestRunner" name="runScenario" time="16.853"/>
</testsuite> <!-- CucumberOptions.TestNGTestRunner -->
